[DEBUG][2021-08-18 23:27:29,899][org.apache.ibatis.logging.LogFactory]Logging initialized using 'class org.apache.ibatis.logging.log4j.Log4jImpl' adapter.
[DEBUG][2021-08-18 23:27:29,901][org.apache.ibatis.logging.LogFactory]Logging initialized using 'class org.apache.ibatis.logging.log4j.Log4jImpl' adapter.
[DEBUG][2021-08-18 23:27:29,920][org.apache.ibatis.datasource.pooled.PooledDataSource]PooledDataSource forcefully closed/removed all connections.
[DEBUG][2021-08-18 23:27:29,920][org.apache.ibatis.datasource.pooled.PooledDataSource]PooledDataSource forcefully closed/removed all connections.
[DEBUG][2021-08-18 23:27:29,920][org.apache.ibatis.datasource.pooled.PooledDataSource]PooledDataSource forcefully closed/removed all connections.
[DEBUG][2021-08-18 23:27:29,921][org.apache.ibatis.datasource.pooled.PooledDataSource]PooledDataSource forcefully closed/removed all connections.
[DEBUG][2021-08-18 23:27:29,998][org.apache.ibatis.transaction.jdbc.JdbcTransaction]Opening JDBC Connection
[DEBUG][2021-08-18 23:27:30,196][org.apache.ibatis.datasource.pooled.PooledDataSource]Created connection 520022247.
[DEBUG][2021-08-18 23:27:30,196][org.apache.ibatis.transaction.jdbc.JdbcTransaction]Setting autocommit to false on JDBC Connection [com.mysql.jdbc.JDBC4Connection@1efee8e7]
[DEBUG][2021-08-18 23:27:30,200][com.kuang.dao.UserMapper.getUserById]==>  Preparing: select * from mybatis.user where id = ?; 
[DEBUG][2021-08-18 23:27:30,229][com.kuang.dao.UserMapper.getUserById]==> Parameters: 1(Integer)
[DEBUG][2021-08-18 23:27:30,245][com.kuang.dao.UserMapper.getUserById]<==      Total: 1
[DEBUG][2021-08-18 23:27:30,246][org.apache.ibatis.transaction.jdbc.JdbcTransaction]Resetting autocommit to true on JDBC Connection [com.mysql.jdbc.JDBC4Connection@1efee8e7]
[DEBUG][2021-08-18 23:27:30,246][org.apache.ibatis.transaction.jdbc.JdbcTransaction]Closing JDBC Connection [com.mysql.jdbc.JDBC4Connection@1efee8e7]
[DEBUG][2021-08-18 23:27:30,247][org.apache.ibatis.datasource.pooled.PooledDataSource]Returned connection 520022247 to pool.
[DEBUG][2021-08-18 23:28:52,048][org.apache.ibatis.logging.LogFactory]Logging initialized using 'class org.apache.ibatis.logging.log4j.Log4jImpl' adapter.
[DEBUG][2021-08-18 23:28:52,050][org.apache.ibatis.logging.LogFactory]Logging initialized using 'class org.apache.ibatis.logging.log4j.Log4jImpl' adapter.
[DEBUG][2021-08-18 23:28:52,072][org.apache.ibatis.datasource.pooled.PooledDataSource]PooledDataSource forcefully closed/removed all connections.
[DEBUG][2021-08-18 23:28:52,072][org.apache.ibatis.datasource.pooled.PooledDataSource]PooledDataSource forcefully closed/removed all connections.
[DEBUG][2021-08-18 23:28:52,073][org.apache.ibatis.datasource.pooled.PooledDataSource]PooledDataSource forcefully closed/removed all connections.
[DEBUG][2021-08-18 23:28:52,073][org.apache.ibatis.datasource.pooled.PooledDataSource]PooledDataSource forcefully closed/removed all connections.
[DEBUG][2021-08-18 23:28:52,146][org.apache.ibatis.transaction.jdbc.JdbcTransaction]Opening JDBC Connection
[DEBUG][2021-08-18 23:28:52,340][org.apache.ibatis.datasource.pooled.PooledDataSource]Created connection 1095293768.
[DEBUG][2021-08-18 23:28:52,340][org.apache.ibatis.transaction.jdbc.JdbcTransaction]Setting autocommit to false on JDBC Connection [com.mysql.jdbc.JDBC4Connection@4148db48]
[DEBUG][2021-08-18 23:28:52,344][com.kuang.dao.UserMapper.getUserById]==>  Preparing: select * from mybatis.user where id = ?; 
[DEBUG][2021-08-18 23:28:52,363][com.kuang.dao.UserMapper.getUserById]==> Parameters: 1(Integer)
[DEBUG][2021-08-18 23:28:52,379][com.kuang.dao.UserMapper.getUserById]<==      Total: 1
[DEBUG][2021-08-18 23:28:52,380][org.apache.ibatis.transaction.jdbc.JdbcTransaction]Resetting autocommit to true on JDBC Connection [com.mysql.jdbc.JDBC4Connection@4148db48]
[DEBUG][2021-08-18 23:28:52,380][org.apache.ibatis.transaction.jdbc.JdbcTransaction]Closing JDBC Connection [com.mysql.jdbc.JDBC4Connection@4148db48]
[DEBUG][2021-08-18 23:28:52,380][org.apache.ibatis.datasource.pooled.PooledDataSource]Returned connection 1095293768 to pool.
[INFO][2021-08-18 23:40:43,765][com.kuang.dao.testUserMapper]info：进入info
[DEBUG][2021-08-18 23:40:43,769][com.kuang.dao.testUserMapper]debug：进入debug
[ERROR][2021-08-18 23:40:43,769][com.kuang.dao.testUserMapper]error：进入error
[DEBUG][2021-08-22 21:01:01,178][org.apache.ibatis.logging.LogFactory]Logging initialized using 'class org.apache.ibatis.logging.log4j.Log4jImpl' adapter.
[DEBUG][2021-08-22 21:01:01,189][org.apache.ibatis.logging.LogFactory]Logging initialized using 'class org.apache.ibatis.logging.log4j.Log4jImpl' adapter.
[DEBUG][2021-08-22 21:01:01,222][org.apache.ibatis.datasource.pooled.PooledDataSource]PooledDataSource forcefully closed/removed all connections.
[DEBUG][2021-08-22 21:01:01,223][org.apache.ibatis.datasource.pooled.PooledDataSource]PooledDataSource forcefully closed/removed all connections.
[DEBUG][2021-08-22 21:01:01,223][org.apache.ibatis.datasource.pooled.PooledDataSource]PooledDataSource forcefully closed/removed all connections.
[DEBUG][2021-08-22 21:01:01,224][org.apache.ibatis.datasource.pooled.PooledDataSource]PooledDataSource forcefully closed/removed all connections.
[DEBUG][2021-08-22 21:07:46,623][org.apache.ibatis.logging.LogFactory]Logging initialized using 'class org.apache.ibatis.logging.log4j.Log4jImpl' adapter.
[DEBUG][2021-08-22 21:07:46,625][org.apache.ibatis.logging.LogFactory]Logging initialized using 'class org.apache.ibatis.logging.log4j.Log4jImpl' adapter.
[DEBUG][2021-08-22 21:07:46,643][org.apache.ibatis.datasource.pooled.PooledDataSource]PooledDataSource forcefully closed/removed all connections.
[DEBUG][2021-08-22 21:07:46,644][org.apache.ibatis.datasource.pooled.PooledDataSource]PooledDataSource forcefully closed/removed all connections.
[DEBUG][2021-08-22 21:07:46,644][org.apache.ibatis.datasource.pooled.PooledDataSource]PooledDataSource forcefully closed/removed all connections.
[DEBUG][2021-08-22 21:07:46,644][org.apache.ibatis.datasource.pooled.PooledDataSource]PooledDataSource forcefully closed/removed all connections.
[DEBUG][2021-08-22 21:07:46,725][org.apache.ibatis.transaction.jdbc.JdbcTransaction]Opening JDBC Connection
[DEBUG][2021-08-22 21:07:46,941][org.apache.ibatis.datasource.pooled.PooledDataSource]Created connection 124407148.
[DEBUG][2021-08-22 21:07:46,941][org.apache.ibatis.transaction.jdbc.JdbcTransaction]Setting autocommit to false on JDBC Connection [com.mysql.jdbc.JDBC4Connection@76a4d6c]
[DEBUG][2021-08-22 21:07:46,946][com.kuang.dao.UserMapper.getUserByLimit]==>  Preparing: select * from mybatis.user limit ?,? 
[DEBUG][2021-08-22 21:07:46,970][com.kuang.dao.UserMapper.getUserByLimit]==> Parameters: 0(Integer), 2(Integer)
[DEBUG][2021-08-22 21:07:46,985][com.kuang.dao.UserMapper.getUserByLimit]<==      Total: 2
[DEBUG][2021-08-22 21:07:46,986][org.apache.ibatis.transaction.jdbc.JdbcTransaction]Resetting autocommit to true on JDBC Connection [com.mysql.jdbc.JDBC4Connection@76a4d6c]
[DEBUG][2021-08-22 21:07:46,987][org.apache.ibatis.transaction.jdbc.JdbcTransaction]Closing JDBC Connection [com.mysql.jdbc.JDBC4Connection@76a4d6c]
[DEBUG][2021-08-22 21:07:46,987][org.apache.ibatis.datasource.pooled.PooledDataSource]Returned connection 124407148 to pool.
[DEBUG][2021-08-22 21:08:26,620][org.apache.ibatis.logging.LogFactory]Logging initialized using 'class org.apache.ibatis.logging.log4j.Log4jImpl' adapter.
[DEBUG][2021-08-22 21:08:26,622][org.apache.ibatis.logging.LogFactory]Logging initialized using 'class org.apache.ibatis.logging.log4j.Log4jImpl' adapter.
[DEBUG][2021-08-22 21:08:26,641][org.apache.ibatis.datasource.pooled.PooledDataSource]PooledDataSource forcefully closed/removed all connections.
[DEBUG][2021-08-22 21:08:26,642][org.apache.ibatis.datasource.pooled.PooledDataSource]PooledDataSource forcefully closed/removed all connections.
[DEBUG][2021-08-22 21:08:26,642][org.apache.ibatis.datasource.pooled.PooledDataSource]PooledDataSource forcefully closed/removed all connections.
[DEBUG][2021-08-22 21:08:26,642][org.apache.ibatis.datasource.pooled.PooledDataSource]PooledDataSource forcefully closed/removed all connections.
[DEBUG][2021-08-22 21:08:26,713][org.apache.ibatis.transaction.jdbc.JdbcTransaction]Opening JDBC Connection
[DEBUG][2021-08-22 21:08:26,917][org.apache.ibatis.datasource.pooled.PooledDataSource]Created connection 124407148.
[DEBUG][2021-08-22 21:08:26,917][org.apache.ibatis.transaction.jdbc.JdbcTransaction]Setting autocommit to false on JDBC Connection [com.mysql.jdbc.JDBC4Connection@76a4d6c]
[DEBUG][2021-08-22 21:08:26,922][com.kuang.dao.UserMapper.getUserByLimit]==>  Preparing: select * from mybatis.user limit ?,? 
[DEBUG][2021-08-22 21:08:26,949][com.kuang.dao.UserMapper.getUserByLimit]==> Parameters: 0(Integer), 2(Integer)
[DEBUG][2021-08-22 21:08:26,965][com.kuang.dao.UserMapper.getUserByLimit]<==      Total: 2
[DEBUG][2021-08-22 21:08:26,967][org.apache.ibatis.transaction.jdbc.JdbcTransaction]Resetting autocommit to true on JDBC Connection [com.mysql.jdbc.JDBC4Connection@76a4d6c]
[DEBUG][2021-08-22 21:08:26,967][org.apache.ibatis.transaction.jdbc.JdbcTransaction]Closing JDBC Connection [com.mysql.jdbc.JDBC4Connection@76a4d6c]
[DEBUG][2021-08-22 21:08:26,968][org.apache.ibatis.datasource.pooled.PooledDataSource]Returned connection 124407148 to pool.
